2016-12-15T23:10:49.6NZ mysqld_safe Starting mysqld.bin daemon with databases from /Users/Dariusz/gits/bg-wordpress/wordpress-4.7-0/mysql/data
2016-12-15T23:10:50.133721Z 0 [Warning] TIMESTAMP with implicit DEFAULT value is deprecated. Please use --explicit_defaults_for_timestamp server option (see documentation for more details).
2016-12-15T23:10:50.134269Z 0 [Note] --secure-file-priv is set to NULL. Operations related to importing and exporting data are disabled
2016-12-15T23:10:50.134365Z 0 [Note] /Users/Dariusz/gits/bg-wordpress/wordpress-4.7-0/mysql/bin/mysqld.bin (mysqld 5.7.16) starting as process 1130 ...
2016-12-15T23:10:50.146032Z 0 [Note] InnoDB: Mutexes and rw_locks use GCC atomic builtins
2016-12-15T23:10:50.146176Z 0 [Note] InnoDB: Uses event mutexes
2016-12-15T23:10:50.146205Z 0 [Note] InnoDB: GCC builtin __atomic_thread_fence() is used for memory barrier
2016-12-15T23:10:50.146221Z 0 [Note] InnoDB: Compressed tables use zlib 1.2.3
2016-12-15T23:10:50.147550Z 0 [Note] InnoDB: Number of pools: 1
2016-12-15T23:10:50.147733Z 0 [Note] InnoDB: Using CPU crc32 instructions
2016-12-15T23:10:50.152455Z 0 [Note] InnoDB: Initializing buffer pool, total size = 128M, instances = 1, chunk size = 128M
2016-12-15T23:10:50.178366Z 0 [Note] InnoDB: Completed initialization of buffer pool
2016-12-15T23:10:50.194805Z 0 [Note] InnoDB: Highest supported file format is Barracuda.
2016-12-15T23:10:50.202540Z 0 [Note] InnoDB: Creating shared tablespace for temporary tables
2016-12-15T23:10:50.202635Z 0 [Note] InnoDB: Setting file './ibtmp1' size to 12 MB. Physically writing the file full; Please wait ...
2016-12-15T23:10:50.225072Z 0 [Note] InnoDB: File './ibtmp1' size is now 12 MB.
2016-12-15T23:10:50.226547Z 0 [Note] InnoDB: 96 redo rollback segment(s) found. 96 redo rollback segment(s) are active.
2016-12-15T23:10:50.226568Z 0 [Note] InnoDB: 32 non-redo rollback segment(s) are active.
2016-12-15T23:10:50.227094Z 0 [Note] InnoDB: 5.7.16 started; log sequence number 2532034
2016-12-15T23:10:50.227261Z 0 [Note] InnoDB: Loading buffer pool(s) from /Users/Dariusz/gits/bg-wordpress/wordpress-4.7-0/mysql/data/ib_buffer_pool
2016-12-15T23:10:50.227739Z 0 [Note] Plugin 'FEDERATED' is disabled.
2016-12-15T23:10:50.229196Z 0 [Note] InnoDB: Buffer pool(s) load completed at 161215 23:10:50
2016-12-15T23:10:50.233049Z 0 [Warning] Failed to set up SSL because of the following SSL library error: SSL context is not usable without certificate and private key
2016-12-15T23:10:50.233071Z 0 [Note] Server hostname (bind-address): '127.0.0.1'; port: 3306
2016-12-15T23:10:50.233460Z 0 [Note]   - '127.0.0.1' resolves to '127.0.0.1';
2016-12-15T23:10:50.233559Z 0 [Note] Server socket created on IP: '127.0.0.1'.
2016-12-15T23:10:50.243679Z 0 [Note] Event Scheduler: Loaded 0 events
2016-12-15T23:10:50.243858Z 0 [Note] /Users/Dariusz/gits/bg-wordpress/wordpress-4.7-0/mysql/bin/mysqld.bin: ready for connections.
Version: '5.7.16'  socket: '/Users/Dariusz/gits/bg-wordpress/wordpress-4.7-0/mysql/tmp/mysql.sock'  port: 3306  MySQL Community Server (GPL)
2016-12-19T23:22:50.6NZ mysqld_safe Starting mysqld.bin daemon with databases from /Users/Dariusz/gits/bg-wordpress/wordpress-4.7-0/mysql/data
2016-12-19T23:22:50.732960Z 0 [Warning] TIMESTAMP with implicit DEFAULT value is deprecated. Please use --explicit_defaults_for_timestamp server option (see documentation for more details).
2016-12-19T23:22:50.734034Z 0 [Note] --secure-file-priv is set to NULL. Operations related to importing and exporting data are disabled
2016-12-19T23:22:50.734853Z 0 [Note] /Users/Dariusz/gits/bg-wordpress/wordpress-4.7-0/mysql/bin/mysqld.bin (mysqld 5.7.16) starting as process 949 ...
2016-12-19T23:22:50.760346Z 0 [Note] InnoDB: Mutexes and rw_locks use GCC atomic builtins
2016-12-19T23:22:50.760409Z 0 [Note] InnoDB: Uses event mutexes
2016-12-19T23:22:50.760422Z 0 [Note] InnoDB: GCC builtin __atomic_thread_fence() is used for memory barrier
2016-12-19T23:22:50.760433Z 0 [Note] InnoDB: Compressed tables use zlib 1.2.3
2016-12-19T23:22:50.763119Z 0 [Note] InnoDB: Number of pools: 1
2016-12-19T23:22:50.766188Z 0 [Note] InnoDB: Using CPU crc32 instructions
2016-12-19T23:22:50.769289Z 0 [Note] InnoDB: Initializing buffer pool, total size = 128M, instances = 1, chunk size = 128M
2016-12-19T23:22:50.801506Z 0 [Note] InnoDB: Completed initialization of buffer pool
2016-12-19T23:22:50.825779Z 0 [Note] InnoDB: Highest supported file format is Barracuda.
2016-12-19T23:22:50.828031Z 0 [Note] InnoDB: Log scan progressed past the checkpoint lsn 4343524
2016-12-19T23:22:50.828084Z 0 [Note] InnoDB: Doing recovery: scanned up to log sequence number 4343533
2016-12-19T23:22:50.828482Z 0 [Note] InnoDB: Doing recovery: scanned up to log sequence number 4343533
2016-12-19T23:22:50.828496Z 0 [Note] InnoDB: Database was not shutdown normally!
2016-12-19T23:22:50.828506Z 0 [Note] InnoDB: Starting crash recovery.
2016-12-19T23:22:51.029571Z 0 [Note] InnoDB: Removed temporary tablespace data file: "ibtmp1"
2016-12-19T23:22:51.029622Z 0 [Note] InnoDB: Creating shared tablespace for temporary tables
2016-12-19T23:22:51.029794Z 0 [Note] InnoDB: Setting file './ibtmp1' size to 12 MB. Physically writing the file full; Please wait ...
2016-12-19T23:22:51.045597Z 0 [Note] InnoDB: File './ibtmp1' size is now 12 MB.
2016-12-19T23:22:51.047440Z 0 [Note] InnoDB: 96 redo rollback segment(s) found. 96 redo rollback segment(s) are active.
2016-12-19T23:22:51.047465Z 0 [Note] InnoDB: 32 non-redo rollback segment(s) are active.
2016-12-19T23:22:51.047937Z 0 [Note] InnoDB: Waiting for purge to start
2016-12-19T23:22:51.100327Z 0 [Note] InnoDB: 5.7.16 started; log sequence number 4343533
2016-12-19T23:22:51.100708Z 0 [Note] InnoDB: Loading buffer pool(s) from /Users/Dariusz/gits/bg-wordpress/wordpress-4.7-0/mysql/data/ib_buffer_pool
2016-12-19T23:22:51.102552Z 0 [Note] Plugin 'FEDERATED' is disabled.
2016-12-19T23:22:51.112772Z 0 [Note] InnoDB: Buffer pool(s) load completed at 161219 23:22:51
2016-12-19T23:22:51.125773Z 0 [Warning] Failed to set up SSL because of the following SSL library error: SSL context is not usable without certificate and private key
2016-12-19T23:22:51.125821Z 0 [Note] Server hostname (bind-address): '127.0.0.1'; port: 3306
2016-12-19T23:22:51.126604Z 0 [Note]   - '127.0.0.1' resolves to '127.0.0.1';
2016-12-19T23:22:51.126807Z 0 [Note] Server socket created on IP: '127.0.0.1'.
2016-12-19T23:22:51.235889Z 0 [Note] Event Scheduler: Loaded 0 events
2016-12-19T23:22:51.236212Z 0 [Note] /Users/Dariusz/gits/bg-wordpress/wordpress-4.7-0/mysql/bin/mysqld.bin: ready for connections.
Version: '5.7.16'  socket: '/Users/Dariusz/gits/bg-wordpress/wordpress-4.7-0/mysql/tmp/mysql.sock'  port: 3306  MySQL Community Server (GPL)
2016-12-20T01:57:56.487678Z 0 [Note] Giving 0 client threads a chance to die gracefully
2016-12-20T01:57:56.487859Z 0 [Note] Shutting down slave threads
2016-12-20T01:57:56.488096Z 0 [Note] Forcefully disconnecting 0 remaining clients
2016-12-20T01:57:56.488124Z 0 [Note] Event Scheduler: Purging the queue. 0 events
2016-12-20T01:57:56.488199Z 0 [Note] Binlog end
2016-12-20T01:57:56.494572Z 0 [Note] Shutting down plugin 'ngram'
2016-12-20T01:57:56.494613Z 0 [Note] Shutting down plugin 'partition'
2016-12-20T01:57:56.494618Z 0 [Note] Shutting down plugin 'BLACKHOLE'
2016-12-20T01:57:56.494622Z 0 [Note] Shutting down plugin 'ARCHIVE'
2016-12-20T01:57:56.494624Z 0 [Note] Shutting down plugin 'PERFORMANCE_SCHEMA'
2016-12-20T01:57:56.494680Z 0 [Note] Shutting down plugin 'MRG_MYISAM'
2016-12-20T01:57:56.494930Z 0 [Note] Shutting down plugin 'MyISAM'
2016-12-20T01:57:56.495166Z 0 [Note] Shutting down plugin 'INNODB_SYS_VIRTUAL'
2016-12-20T01:57:56.495179Z 0 [Note] Shutting down plugin 'INNODB_SYS_DATAFILES'
2016-12-20T01:57:56.495183Z 0 [Note] Shutting down plugin 'INNODB_SYS_TABLESPACES'
2016-12-20T01:57:56.495185Z 0 [Note] Shutting down plugin 'INNODB_SYS_FOREIGN_COLS'
2016-12-20T01:57:56.495188Z 0 [Note] Shutting down plugin 'INNODB_SYS_FOREIGN'
2016-12-20T01:57:56.495191Z 0 [Note] Shutting down plugin 'INNODB_SYS_FIELDS'
2016-12-20T01:57:56.495193Z 0 [Note] Shutting down plugin 'INNODB_SYS_COLUMNS'
2016-12-20T01:57:56.495196Z 0 [Note] Shutting down plugin 'INNODB_SYS_INDEXES'
2016-12-20T01:57:56.495213Z 0 [Note] Shutting down plugin 'INNODB_SYS_TABLESTATS'
2016-12-20T01:57:56.495217Z 0 [Note] Shutting down plugin 'INNODB_SYS_TABLES'
2016-12-20T01:57:56.495219Z 0 [Note] Shutting down plugin 'INNODB_FT_INDEX_TABLE'
2016-12-20T01:57:56.495222Z 0 [Note] Shutting down plugin 'INNODB_FT_INDEX_CACHE'
2016-12-20T01:57:56.495224Z 0 [Note] Shutting down plugin 'INNODB_FT_CONFIG'
2016-12-20T01:57:56.495227Z 0 [Note] Shutting down plugin 'INNODB_FT_BEING_DELETED'
2016-12-20T01:57:56.495230Z 0 [Note] Shutting down plugin 'INNODB_FT_DELETED'
2016-12-20T01:57:56.495232Z 0 [Note] Shutting down plugin 'INNODB_FT_DEFAULT_STOPWORD'
2016-12-20T01:57:56.495235Z 0 [Note] Shutting down plugin 'INNODB_METRICS'
2016-12-20T01:57:56.495237Z 0 [Note] Shutting down plugin 'INNODB_TEMP_TABLE_INFO'
2016-12-20T01:57:56.495240Z 0 [Note] Shutting down plugin 'INNODB_BUFFER_POOL_STATS'
2016-12-20T01:57:56.495243Z 0 [Note] Shutting down plugin 'INNODB_BUFFER_PAGE_LRU'
2016-12-20T01:57:56.495245Z 0 [Note] Shutting down plugin 'INNODB_BUFFER_PAGE'
2016-12-20T01:57:56.495248Z 0 [Note] Shutting down plugin 'INNODB_CMP_PER_INDEX_RESET'
2016-12-20T01:57:56.495250Z 0 [Note] Shutting down plugin 'INNODB_CMP_PER_INDEX'
2016-12-20T01:57:56.495253Z 0 [Note] Shutting down plugin 'INNODB_CMPMEM_RESET'
2016-12-20T01:57:56.495256Z 0 [Note] Shutting down plugin 'INNODB_CMPMEM'
2016-12-20T01:57:56.495258Z 0 [Note] Shutting down plugin 'INNODB_CMP_RESET'
2016-12-20T01:57:56.495261Z 0 [Note] Shutting down plugin 'INNODB_CMP'
2016-12-20T01:57:56.495264Z 0 [Note] Shutting down plugin 'INNODB_LOCK_WAITS'
2016-12-20T01:57:56.495266Z 0 [Note] Shutting down plugin 'INNODB_LOCKS'
2016-12-20T01:57:56.495269Z 0 [Note] Shutting down plugin 'INNODB_TRX'
2016-12-20T01:57:56.495272Z 0 [Note] Shutting down plugin 'InnoDB'
2016-12-20T01:57:56.495706Z 0 [Note] InnoDB: FTS optimize thread exiting.
2016-12-20T01:57:56.495856Z 0 [Note] InnoDB: Starting shutdown...
2016-12-20T01:57:56.600468Z 0 [Note] InnoDB: Dumping buffer pool(s) to /Users/Dariusz/gits/bg-wordpress/wordpress-4.7-0/mysql/data/ib_buffer_pool
2016-12-20T01:57:56.602428Z 0 [Note] InnoDB: Buffer pool(s) dump completed at 161220  1:57:56
2016-12-20T01:57:57.858656Z 0 [Note] InnoDB: Shutdown completed; log sequence number 5920806
2016-12-20T01:57:57.858798Z 0 [Note] InnoDB: Removed temporary tablespace data file: "ibtmp1"
2016-12-20T01:57:57.858808Z 0 [Note] Shutting down plugin 'MEMORY'
2016-12-20T01:57:57.858813Z 0 [Note] Shutting down plugin 'CSV'
2016-12-20T01:57:57.858816Z 0 [Note] Shutting down plugin 'sha256_password'
2016-12-20T01:57:57.858819Z 0 [Note] Shutting down plugin 'mysql_native_password'
2016-12-20T01:57:57.859061Z 0 [Note] Shutting down plugin 'binlog'
2016-12-20T01:57:57.860062Z 0 [Note] /Users/Dariusz/gits/bg-wordpress/wordpress-4.7-0/mysql/bin/mysqld.bin: Shutdown complete

2016-12-20T01:57:57.6NZ mysqld_safe mysqld from pid file /Users/Dariusz/gits/bg-wordpress/wordpress-4.7-0/mysql/data/mysqld.pid ended
2016-12-20T13:30:42.6NZ mysqld_safe Starting mysqld.bin daemon with databases from /Users/Dariusz/gits/bg-wordpress/wordpress-4.7-0/mysql/data
2016-12-20T13:30:43.202150Z 0 [Warning] TIMESTAMP with implicit DEFAULT value is deprecated. Please use --explicit_defaults_for_timestamp server option (see documentation for more details).
2016-12-20T13:30:43.202471Z 0 [Note] --secure-file-priv is set to NULL. Operations related to importing and exporting data are disabled
2016-12-20T13:30:43.202613Z 0 [Note] /Users/Dariusz/gits/bg-wordpress/wordpress-4.7-0/mysql/bin/mysqld.bin (mysqld 5.7.16) starting as process 851 ...
2016-12-20T13:30:43.208498Z 0 [Note] InnoDB: Mutexes and rw_locks use GCC atomic builtins
2016-12-20T13:30:43.208517Z 0 [Note] InnoDB: Uses event mutexes
2016-12-20T13:30:43.208522Z 0 [Note] InnoDB: GCC builtin __atomic_thread_fence() is used for memory barrier
2016-12-20T13:30:43.208525Z 0 [Note] InnoDB: Compressed tables use zlib 1.2.3
2016-12-20T13:30:43.208984Z 0 [Note] InnoDB: Number of pools: 1
2016-12-20T13:30:43.209356Z 0 [Note] InnoDB: Using CPU crc32 instructions
2016-12-20T13:30:43.210425Z 0 [Note] InnoDB: Initializing buffer pool, total size = 128M, instances = 1, chunk size = 128M
2016-12-20T13:30:43.221881Z 0 [Note] InnoDB: Completed initialization of buffer pool
2016-12-20T13:30:43.241420Z 0 [Note] InnoDB: Highest supported file format is Barracuda.
2016-12-20T13:30:43.260531Z 0 [Note] InnoDB: Creating shared tablespace for temporary tables
2016-12-20T13:30:43.260626Z 0 [Note] InnoDB: Setting file './ibtmp1' size to 12 MB. Physically writing the file full; Please wait ...
2016-12-20T13:30:43.273922Z 0 [Note] InnoDB: File './ibtmp1' size is now 12 MB.
2016-12-20T13:30:43.274952Z 0 [Note] InnoDB: 96 redo rollback segment(s) found. 96 redo rollback segment(s) are active.
2016-12-20T13:30:43.274961Z 0 [Note] InnoDB: 32 non-redo rollback segment(s) are active.
2016-12-20T13:30:43.275187Z 0 [Note] InnoDB: Waiting for purge to start
2016-12-20T13:30:43.327606Z 0 [Note] InnoDB: 5.7.16 started; log sequence number 5920806
2016-12-20T13:30:43.327915Z 0 [Note] InnoDB: Loading buffer pool(s) from /Users/Dariusz/gits/bg-wordpress/wordpress-4.7-0/mysql/data/ib_buffer_pool
2016-12-20T13:30:43.328383Z 0 [Note] Plugin 'FEDERATED' is disabled.
2016-12-20T13:30:43.337052Z 0 [Warning] Failed to set up SSL because of the following SSL library error: SSL context is not usable without certificate and private key
2016-12-20T13:30:43.337075Z 0 [Note] Server hostname (bind-address): '127.0.0.1'; port: 3306
2016-12-20T13:30:43.337483Z 0 [Note]   - '127.0.0.1' resolves to '127.0.0.1';
2016-12-20T13:30:43.337607Z 0 [Note] Server socket created on IP: '127.0.0.1'.
2016-12-20T13:30:43.339643Z 0 [Note] InnoDB: Buffer pool(s) load completed at 161220 13:30:43
2016-12-20T13:30:43.352944Z 0 [Note] Event Scheduler: Loaded 0 events
2016-12-20T13:30:43.353102Z 0 [Note] /Users/Dariusz/gits/bg-wordpress/wordpress-4.7-0/mysql/bin/mysqld.bin: ready for connections.
Version: '5.7.16'  socket: '/Users/Dariusz/gits/bg-wordpress/wordpress-4.7-0/mysql/tmp/mysql.sock'  port: 3306  MySQL Community Server (GPL)
2016-12-20T17:01:46.476940Z 0 [Note] InnoDB: page_cleaner: 1000ms intended loop took 7704832ms. The settings might not be optimal. (flushed=0 and evicted=0, during the time.)
2016-12-20T23:06:57.508149Z 0 [Note] InnoDB: page_cleaner: 1000ms intended loop took 10801490ms. The settings might not be optimal. (flushed=0 and evicted=0, during the time.)
2016-12-21T08:07:36.559071Z 0 [Note] InnoDB: page_cleaner: 1000ms intended loop took 32436818ms. The settings might not be optimal. (flushed=0 and evicted=0, during the time.)
2016-12-22T10:59:41.284312Z 0 [Note] InnoDB: page_cleaner: 1000ms intended loop took 96718840ms. The settings might not be optimal. (flushed=0 and evicted=0, during the time.)
2016-12-22T13:27:58.720639Z 0 [Note] InnoDB: page_cleaner: 1000ms intended loop took 740570ms. The settings might not be optimal. (flushed=0 and evicted=0, during the time.)
2016-12-22T16:31:29.596050Z 0 [Note] Giving 0 client threads a chance to die gracefully
2016-12-22T16:31:29.596286Z 0 [Note] Shutting down slave threads
2016-12-22T16:31:29.596314Z 0 [Note] Forcefully disconnecting 0 remaining clients
2016-12-22T16:31:29.596360Z 0 [Note] Event Scheduler: Purging the queue. 0 events
2016-12-22T16:31:29.596489Z 0 [Note] Binlog end
2016-12-22T16:31:29.613893Z 0 [Note] Shutting down plugin 'ngram'
2016-12-22T16:31:29.613931Z 0 [Note] Shutting down plugin 'partition'
2016-12-22T16:31:29.613936Z 0 [Note] Shutting down plugin 'BLACKHOLE'
2016-12-22T16:31:29.613940Z 0 [Note] Shutting down plugin 'ARCHIVE'
2016-12-22T16:31:29.613943Z 0 [Note] Shutting down plugin 'PERFORMANCE_SCHEMA'
2016-12-22T16:31:29.614012Z 0 [Note] Shutting down plugin 'MRG_MYISAM'
2016-12-22T16:31:29.614020Z 0 [Note] Shutting down plugin 'MyISAM'
2016-12-22T16:31:29.614085Z 0 [Note] Shutting down plugin 'INNODB_SYS_VIRTUAL'
2016-12-22T16:31:29.614093Z 0 [Note] Shutting down plugin 'INNODB_SYS_DATAFILES'
2016-12-22T16:31:29.614097Z 0 [Note] Shutting down plugin 'INNODB_SYS_TABLESPACES'
2016-12-22T16:31:29.614100Z 0 [Note] Shutting down plugin 'INNODB_SYS_FOREIGN_COLS'
2016-12-22T16:31:29.614118Z 0 [Note] Shutting down plugin 'INNODB_SYS_FOREIGN'
2016-12-22T16:31:29.614122Z 0 [Note] Shutting down plugin 'INNODB_SYS_FIELDS'
2016-12-22T16:31:29.614125Z 0 [Note] Shutting down plugin 'INNODB_SYS_COLUMNS'
2016-12-22T16:31:29.614128Z 0 [Note] Shutting down plugin 'INNODB_SYS_INDEXES'
2016-12-22T16:31:29.614130Z 0 [Note] Shutting down plugin 'INNODB_SYS_TABLESTATS'
2016-12-22T16:31:29.614133Z 0 [Note] Shutting down plugin 'INNODB_SYS_TABLES'
2016-12-22T16:31:29.614136Z 0 [Note] Shutting down plugin 'INNODB_FT_INDEX_TABLE'
2016-12-22T16:31:29.614139Z 0 [Note] Shutting down plugin 'INNODB_FT_INDEX_CACHE'
2016-12-22T16:31:29.614142Z 0 [Note] Shutting down plugin 'INNODB_FT_CONFIG'
2016-12-22T16:31:29.614144Z 0 [Note] Shutting down plugin 'INNODB_FT_BEING_DELETED'
2016-12-22T16:31:29.614147Z 0 [Note] Shutting down plugin 'INNODB_FT_DELETED'
2016-12-22T16:31:29.614150Z 0 [Note] Shutting down plugin 'INNODB_FT_DEFAULT_STOPWORD'
2016-12-22T16:31:29.614153Z 0 [Note] Shutting down plugin 'INNODB_METRICS'
2016-12-22T16:31:29.614156Z 0 [Note] Shutting down plugin 'INNODB_TEMP_TABLE_INFO'
2016-12-22T16:31:29.614158Z 0 [Note] Shutting down plugin 'INNODB_BUFFER_POOL_STATS'
2016-12-22T16:31:29.614161Z 0 [Note] Shutting down plugin 'INNODB_BUFFER_PAGE_LRU'
2016-12-22T16:31:29.614164Z 0 [Note] Shutting down plugin 'INNODB_BUFFER_PAGE'
2016-12-22T16:31:29.614167Z 0 [Note] Shutting down plugin 'INNODB_CMP_PER_INDEX_RESET'
2016-12-22T16:31:29.614170Z 0 [Note] Shutting down plugin 'INNODB_CMP_PER_INDEX'
2016-12-22T16:31:29.614173Z 0 [Note] Shutting down plugin 'INNODB_CMPMEM_RESET'
2016-12-22T16:31:29.614175Z 0 [Note] Shutting down plugin 'INNODB_CMPMEM'
2016-12-22T16:31:29.614178Z 0 [Note] Shutting down plugin 'INNODB_CMP_RESET'
2016-12-22T16:31:29.614181Z 0 [Note] Shutting down plugin 'INNODB_CMP'
2016-12-22T16:31:29.614184Z 0 [Note] Shutting down plugin 'INNODB_LOCK_WAITS'
2016-12-22T16:31:29.614187Z 0 [Note] Shutting down plugin 'INNODB_LOCKS'
2016-12-22T16:31:29.614190Z 0 [Note] Shutting down plugin 'INNODB_TRX'
2016-12-22T16:31:29.614193Z 0 [Note] Shutting down plugin 'InnoDB'
2016-12-22T16:31:29.614281Z 0 [Note] InnoDB: FTS optimize thread exiting.
2016-12-22T16:31:29.614349Z 0 [Note] InnoDB: Starting shutdown...
2016-12-22T16:31:29.715718Z 0 [Note] InnoDB: Dumping buffer pool(s) to /Users/Dariusz/gits/bg-wordpress/wordpress-4.7-0/mysql/data/ib_buffer_pool
2016-12-22T16:31:29.717499Z 0 [Note] InnoDB: Buffer pool(s) dump completed at 161222 16:31:29
2016-12-22T16:31:30.257881Z 0 [Note] InnoDB: Shutdown completed; log sequence number 25113772
2016-12-22T16:31:30.260025Z 0 [Note] InnoDB: Removed temporary tablespace data file: "ibtmp1"
2016-12-22T16:31:30.260075Z 0 [Note] Shutting down plugin 'MEMORY'
2016-12-22T16:31:30.260088Z 0 [Note] Shutting down plugin 'CSV'
2016-12-22T16:31:30.260105Z 0 [Note] Shutting down plugin 'sha256_password'
2016-12-22T16:31:30.260112Z 0 [Note] Shutting down plugin 'mysql_native_password'
2016-12-22T16:31:30.260682Z 0 [Note] Shutting down plugin 'binlog'
2016-12-22T16:31:30.261251Z 0 [Note] /Users/Dariusz/gits/bg-wordpress/wordpress-4.7-0/mysql/bin/mysqld.bin: Shutdown complete

2016-12-22T16:31:30.6NZ mysqld_safe mysqld from pid file /Users/Dariusz/gits/bg-wordpress/wordpress-4.7-0/mysql/data/mysqld.pid ended
2016-12-22T16:31:34.6NZ mysqld_safe Starting mysqld.bin daemon with databases from /Users/Dariusz/gits/bg-wordpress/wordpress-4.7-0/mysql/data
2016-12-22T16:31:35.112453Z 0 [Warning] TIMESTAMP with implicit DEFAULT value is deprecated. Please use --explicit_defaults_for_timestamp server option (see documentation for more details).
2016-12-22T16:31:35.112683Z 0 [Note] --secure-file-priv is set to NULL. Operations related to importing and exporting data are disabled
2016-12-22T16:31:35.112725Z 0 [Note] /Users/Dariusz/gits/bg-wordpress/wordpress-4.7-0/mysql/bin/mysqld.bin (mysqld 5.7.16) starting as process 66066 ...
2016-12-22T16:31:35.119682Z 0 [Note] InnoDB: Mutexes and rw_locks use GCC atomic builtins
2016-12-22T16:31:35.119724Z 0 [Note] InnoDB: Uses event mutexes
2016-12-22T16:31:35.119731Z 0 [Note] InnoDB: GCC builtin __atomic_thread_fence() is used for memory barrier
2016-12-22T16:31:35.119735Z 0 [Note] InnoDB: Compressed tables use zlib 1.2.3
2016-12-22T16:31:35.120089Z 0 [Note] InnoDB: Number of pools: 1
2016-12-22T16:31:35.120216Z 0 [Note] InnoDB: Using CPU crc32 instructions
2016-12-22T16:31:35.121782Z 0 [Note] InnoDB: Initializing buffer pool, total size = 128M, instances = 1, chunk size = 128M
2016-12-22T16:31:35.132921Z 0 [Note] InnoDB: Completed initialization of buffer pool
2016-12-22T16:31:35.149602Z 0 [Note] InnoDB: Highest supported file format is Barracuda.
2016-12-22T16:31:35.161290Z 0 [Note] InnoDB: Creating shared tablespace for temporary tables
2016-12-22T16:31:35.161468Z 0 [Note] InnoDB: Setting file './ibtmp1' size to 12 MB. Physically writing the file full; Please wait ...
2016-12-22T16:31:35.178774Z 0 [Note] InnoDB: File './ibtmp1' size is now 12 MB.
2016-12-22T16:31:35.179483Z 0 [Note] InnoDB: 96 redo rollback segment(s) found. 96 redo rollback segment(s) are active.
2016-12-22T16:31:35.179491Z 0 [Note] InnoDB: 32 non-redo rollback segment(s) are active.
2016-12-22T16:31:35.179690Z 0 [Note] InnoDB: Waiting for purge to start
2016-12-22T16:31:35.233261Z 0 [Note] InnoDB: 5.7.16 started; log sequence number 25113772
2016-12-22T16:31:35.233562Z 0 [Note] InnoDB: Loading buffer pool(s) from /Users/Dariusz/gits/bg-wordpress/wordpress-4.7-0/mysql/data/ib_buffer_pool
2016-12-22T16:31:35.233761Z 0 [Note] Plugin 'FEDERATED' is disabled.
2016-12-22T16:31:35.237945Z 0 [Note] InnoDB: Buffer pool(s) load completed at 161222 16:31:35
2016-12-22T16:31:35.244695Z 0 [Warning] Failed to set up SSL because of the following SSL library error: SSL context is not usable without certificate and private key
2016-12-22T16:31:35.244717Z 0 [Note] Server hostname (bind-address): '127.0.0.1'; port: 3306
2016-12-22T16:31:35.245132Z 0 [Note]   - '127.0.0.1' resolves to '127.0.0.1';
2016-12-22T16:31:35.245221Z 0 [Note] Server socket created on IP: '127.0.0.1'.
2016-12-22T16:31:35.293987Z 0 [Note] Event Scheduler: Loaded 0 events
2016-12-22T16:31:35.294112Z 0 [Note] /Users/Dariusz/gits/bg-wordpress/wordpress-4.7-0/mysql/bin/mysqld.bin: ready for connections.
Version: '5.7.16'  socket: '/Users/Dariusz/gits/bg-wordpress/wordpress-4.7-0/mysql/tmp/mysql.sock'  port: 3306  MySQL Community Server (GPL)
2016-12-22T17:02:11.084112Z 0 [Note] InnoDB: page_cleaner: 1000ms intended loop took 280480ms. The settings might not be optimal. (flushed=0 and evicted=0, during the time.)
2016-12-22T18:22:59.655676Z 0 [Note] InnoDB: page_cleaner: 1000ms intended loop took 3597013ms. The settings might not be optimal. (flushed=0 and evicted=0, during the time.)
2016-12-22T18:52:16.409757Z 0 [Note] InnoDB: page_cleaner: 1000ms intended loop took 1709474ms. The settings might not be optimal. (flushed=0 and evicted=0, during the time.)
2016-12-22T21:04:54.075007Z 0 [Note] InnoDB: page_cleaner: 1000ms intended loop took 3595972ms. The settings might not be optimal. (flushed=0 and evicted=0, during the time.)
2016-12-22T22:48:02.683317Z 0 [Note] InnoDB: page_cleaner: 1000ms intended loop took 6120122ms. The settings might not be optimal. (flushed=0 and evicted=0, during the time.)
2016-12-22T22:49:21.004773Z 0 [Note] InnoDB: page_cleaner: 1000ms intended loop took 76310ms. The settings might not be optimal. (flushed=0 and evicted=0, during the time.)
2016-12-23T00:22:32.062607Z 0 [Note] Giving 0 client threads a chance to die gracefully
2016-12-23T00:22:32.062773Z 0 [Note] Shutting down slave threads
2016-12-23T00:22:32.062788Z 0 [Note] Forcefully disconnecting 0 remaining clients
2016-12-23T00:22:32.062805Z 0 [Note] Event Scheduler: Purging the queue. 0 events
2016-12-23T00:22:32.062906Z 0 [Note] Binlog end
2016-12-23T00:22:32.067669Z 0 [Note] Shutting down plugin 'ngram'
2016-12-23T00:22:32.067717Z 0 [Note] Shutting down plugin 'partition'
2016-12-23T00:22:32.067723Z 0 [Note] Shutting down plugin 'BLACKHOLE'
2016-12-23T00:22:32.067726Z 0 [Note] Shutting down plugin 'ARCHIVE'
2016-12-23T00:22:32.067748Z 0 [Note] Shutting down plugin 'PERFORMANCE_SCHEMA'
2016-12-23T00:22:32.067818Z 0 [Note] Shutting down plugin 'MRG_MYISAM'
2016-12-23T00:22:32.067825Z 0 [Note] Shutting down plugin 'MyISAM'
2016-12-23T00:22:32.067875Z 0 [Note] Shutting down plugin 'INNODB_SYS_VIRTUAL'
2016-12-23T00:22:32.067880Z 0 [Note] Shutting down plugin 'INNODB_SYS_DATAFILES'
2016-12-23T00:22:32.067883Z 0 [Note] Shutting down plugin 'INNODB_SYS_TABLESPACES'
2016-12-23T00:22:32.067885Z 0 [Note] Shutting down plugin 'INNODB_SYS_FOREIGN_COLS'
2016-12-23T00:22:32.067888Z 0 [Note] Shutting down plugin 'INNODB_SYS_FOREIGN'
2016-12-23T00:22:32.067891Z 0 [Note] Shutting down plugin 'INNODB_SYS_FIELDS'
2016-12-23T00:22:32.067894Z 0 [Note] Shutting down plugin 'INNODB_SYS_COLUMNS'
2016-12-23T00:22:32.067897Z 0 [Note] Shutting down plugin 'INNODB_SYS_INDEXES'
2016-12-23T00:22:32.067900Z 0 [Note] Shutting down plugin 'INNODB_SYS_TABLESTATS'
2016-12-23T00:22:32.067902Z 0 [Note] Shutting down plugin 'INNODB_SYS_TABLES'
2016-12-23T00:22:32.067905Z 0 [Note] Shutting down plugin 'INNODB_FT_INDEX_TABLE'
2016-12-23T00:22:32.067908Z 0 [Note] Shutting down plugin 'INNODB_FT_INDEX_CACHE'
2016-12-23T00:22:32.067911Z 0 [Note] Shutting down plugin 'INNODB_FT_CONFIG'
2016-12-23T00:22:32.067914Z 0 [Note] Shutting down plugin 'INNODB_FT_BEING_DELETED'
2016-12-23T00:22:32.067917Z 0 [Note] Shutting down plugin 'INNODB_FT_DELETED'
2016-12-23T00:22:32.067920Z 0 [Note] Shutting down plugin 'INNODB_FT_DEFAULT_STOPWORD'
2016-12-23T00:22:32.067922Z 0 [Note] Shutting down plugin 'INNODB_METRICS'
2016-12-23T00:22:32.067925Z 0 [Note] Shutting down plugin 'INNODB_TEMP_TABLE_INFO'
2016-12-23T00:22:32.067928Z 0 [Note] Shutting down plugin 'INNODB_BUFFER_POOL_STATS'
2016-12-23T00:22:32.067931Z 0 [Note] Shutting down plugin 'INNODB_BUFFER_PAGE_LRU'
2016-12-23T00:22:32.067934Z 0 [Note] Shutting down plugin 'INNODB_BUFFER_PAGE'
2016-12-23T00:22:32.067937Z 0 [Note] Shutting down plugin 'INNODB_CMP_PER_INDEX_RESET'
2016-12-23T00:22:32.067940Z 0 [Note] Shutting down plugin 'INNODB_CMP_PER_INDEX'
2016-12-23T00:22:32.067942Z 0 [Note] Shutting down plugin 'INNODB_CMPMEM_RESET'
2016-12-23T00:22:32.067945Z 0 [Note] Shutting down plugin 'INNODB_CMPMEM'
2016-12-23T00:22:32.067948Z 0 [Note] Shutting down plugin 'INNODB_CMP_RESET'
2016-12-23T00:22:32.067951Z 0 [Note] Shutting down plugin 'INNODB_CMP'
2016-12-23T00:22:32.067954Z 0 [Note] Shutting down plugin 'INNODB_LOCK_WAITS'
2016-12-23T00:22:32.067956Z 0 [Note] Shutting down plugin 'INNODB_LOCKS'
2016-12-23T00:22:32.067959Z 0 [Note] Shutting down plugin 'INNODB_TRX'
2016-12-23T00:22:32.067962Z 0 [Note] Shutting down plugin 'InnoDB'
2016-12-23T00:22:32.068026Z 0 [Note] InnoDB: FTS optimize thread exiting.
2016-12-23T00:22:32.068121Z 0 [Note] InnoDB: Starting shutdown...
2016-12-23T00:22:32.169315Z 0 [Note] InnoDB: Dumping buffer pool(s) to /Users/Dariusz/gits/bg-wordpress/wordpress-4.7-0/mysql/data/ib_buffer_pool
2016-12-23T00:22:32.169966Z 0 [Note] InnoDB: Buffer pool(s) dump completed at 161223  0:22:32
2016-12-23T00:22:33.108528Z 0 [Note] InnoDB: Shutdown completed; log sequence number 37729364
2016-12-23T00:22:33.111465Z 0 [Note] InnoDB: Removed temporary tablespace data file: "ibtmp1"
2016-12-23T00:22:33.111494Z 0 [Note] Shutting down plugin 'MEMORY'
2016-12-23T00:22:33.111500Z 0 [Note] Shutting down plugin 'CSV'
2016-12-23T00:22:33.111504Z 0 [Note] Shutting down plugin 'sha256_password'
2016-12-23T00:22:33.111508Z 0 [Note] Shutting down plugin 'mysql_native_password'
2016-12-23T00:22:33.111789Z 0 [Note] Shutting down plugin 'binlog'
2016-12-23T00:22:33.112230Z 0 [Note] /Users/Dariusz/gits/bg-wordpress/wordpress-4.7-0/mysql/bin/mysqld.bin: Shutdown complete

2016-12-23T00:22:33.6NZ mysqld_safe mysqld from pid file /Users/Dariusz/gits/bg-wordpress/wordpress-4.7-0/mysql/data/mysqld.pid ended
2016-12-26T13:00:47.6NZ mysqld_safe Starting mysqld.bin daemon with databases from /Users/Dariusz/gits/bg-wordpress/wordpress-4.7-0/mysql/data
2016-12-26T13:00:47.767950Z 0 [Warning] TIMESTAMP with implicit DEFAULT value is deprecated. Please use --explicit_defaults_for_timestamp server option (see documentation for more details).
2016-12-26T13:00:47.768809Z 0 [Note] --secure-file-priv is set to NULL. Operations related to importing and exporting data are disabled
2016-12-26T13:00:47.769533Z 0 [Note] /Users/Dariusz/gits/bg-wordpress/wordpress-4.7-0/mysql/bin/mysqld.bin (mysqld 5.7.16) starting as process 1035 ...
2016-12-26T13:00:47.785381Z 0 [Note] InnoDB: Mutexes and rw_locks use GCC atomic builtins
2016-12-26T13:00:47.785406Z 0 [Note] InnoDB: Uses event mutexes
2016-12-26T13:00:47.785412Z 0 [Note] InnoDB: GCC builtin __atomic_thread_fence() is used for memory barrier
2016-12-26T13:00:47.785416Z 0 [Note] InnoDB: Compressed tables use zlib 1.2.3
2016-12-26T13:00:47.787328Z 0 [Note] InnoDB: Number of pools: 1
2016-12-26T13:00:47.789167Z 0 [Note] InnoDB: Using CPU crc32 instructions
2016-12-26T13:00:47.790858Z 0 [Note] InnoDB: Initializing buffer pool, total size = 128M, instances = 1, chunk size = 128M
2016-12-26T13:00:47.802293Z 0 [Note] InnoDB: Completed initialization of buffer pool
2016-12-26T13:00:47.824330Z 0 [Note] InnoDB: Highest supported file format is Barracuda.
2016-12-26T13:00:47.872643Z 0 [Note] InnoDB: Creating shared tablespace for temporary tables
2016-12-26T13:00:47.872734Z 0 [Note] InnoDB: Setting file './ibtmp1' size to 12 MB. Physically writing the file full; Please wait ...
2016-12-26T13:00:47.887246Z 0 [Note] InnoDB: File './ibtmp1' size is now 12 MB.
2016-12-26T13:00:47.887966Z 0 [Note] InnoDB: 96 redo rollback segment(s) found. 96 redo rollback segment(s) are active.
2016-12-26T13:00:47.887974Z 0 [Note] InnoDB: 32 non-redo rollback segment(s) are active.
2016-12-26T13:00:47.889307Z 0 [Note] InnoDB: Waiting for purge to start
2016-12-26T13:00:47.941955Z 0 [Note] InnoDB: 5.7.16 started; log sequence number 37729364
2016-12-26T13:00:47.943723Z 0 [Note] InnoDB: Loading buffer pool(s) from /Users/Dariusz/gits/bg-wordpress/wordpress-4.7-0/mysql/data/ib_buffer_pool
2016-12-26T13:00:47.944554Z 0 [Note] Plugin 'FEDERATED' is disabled.
2016-12-26T13:00:47.960291Z 0 [Note] InnoDB: Buffer pool(s) load completed at 161226 13:00:47
2016-12-26T13:00:47.962574Z 0 [Warning] Failed to set up SSL because of the following SSL library error: SSL context is not usable without certificate and private key
2016-12-26T13:00:47.962594Z 0 [Note] Server hostname (bind-address): '127.0.0.1'; port: 3306
2016-12-26T13:00:47.962939Z 0 [Note]   - '127.0.0.1' resolves to '127.0.0.1';
2016-12-26T13:00:47.963010Z 0 [Note] Server socket created on IP: '127.0.0.1'.
2016-12-26T13:00:48.012280Z 0 [Note] Event Scheduler: Loaded 0 events
2016-12-26T13:00:48.012397Z 0 [Note] /Users/Dariusz/gits/bg-wordpress/wordpress-4.7-0/mysql/bin/mysqld.bin: ready for connections.
Version: '5.7.16'  socket: '/Users/Dariusz/gits/bg-wordpress/wordpress-4.7-0/mysql/tmp/mysql.sock'  port: 3306  MySQL Community Server (GPL)
2016-12-26T14:26:29.577011Z 0 [Note] Giving 0 client threads a chance to die gracefully
2016-12-26T14:26:29.577216Z 0 [Note] Shutting down slave threads
2016-12-26T14:26:29.577474Z 0 [Note] Forcefully disconnecting 0 remaining clients
2016-12-26T14:26:29.577493Z 0 [Note] Event Scheduler: Purging the queue. 0 events
2016-12-26T14:26:29.577562Z 0 [Note] Binlog end
2016-12-26T14:26:29.581717Z 0 [Note] Shutting down plugin 'ngram'
2016-12-26T14:26:29.581745Z 0 [Note] Shutting down plugin 'partition'
2016-12-26T14:26:29.581749Z 0 [Note] Shutting down plugin 'BLACKHOLE'
2016-12-26T14:26:29.581753Z 0 [Note] Shutting down plugin 'ARCHIVE'
2016-12-26T14:26:29.581756Z 0 [Note] Shutting down plugin 'PERFORMANCE_SCHEMA'
2016-12-26T14:26:29.581778Z 0 [Note] Shutting down plugin 'MRG_MYISAM'
2016-12-26T14:26:29.582013Z 0 [Note] Shutting down plugin 'MyISAM'
2016-12-26T14:26:29.582249Z 0 [Note] Shutting down plugin 'INNODB_SYS_VIRTUAL'
2016-12-26T14:26:29.582263Z 0 [Note] Shutting down plugin 'INNODB_SYS_DATAFILES'
2016-12-26T14:26:29.582267Z 0 [Note] Shutting down plugin 'INNODB_SYS_TABLESPACES'
2016-12-26T14:26:29.582270Z 0 [Note] Shutting down plugin 'INNODB_SYS_FOREIGN_COLS'
2016-12-26T14:26:29.582289Z 0 [Note] Shutting down plugin 'INNODB_SYS_FOREIGN'
2016-12-26T14:26:29.582292Z 0 [Note] Shutting down plugin 'INNODB_SYS_FIELDS'
2016-12-26T14:26:29.582295Z 0 [Note] Shutting down plugin 'INNODB_SYS_COLUMNS'
2016-12-26T14:26:29.582298Z 0 [Note] Shutting down plugin 'INNODB_SYS_INDEXES'
2016-12-26T14:26:29.582301Z 0 [Note] Shutting down plugin 'INNODB_SYS_TABLESTATS'
2016-12-26T14:26:29.582304Z 0 [Note] Shutting down plugin 'INNODB_SYS_TABLES'
2016-12-26T14:26:29.582307Z 0 [Note] Shutting down plugin 'INNODB_FT_INDEX_TABLE'
2016-12-26T14:26:29.582310Z 0 [Note] Shutting down plugin 'INNODB_FT_INDEX_CACHE'
2016-12-26T14:26:29.582313Z 0 [Note] Shutting down plugin 'INNODB_FT_CONFIG'
2016-12-26T14:26:29.582315Z 0 [Note] Shutting down plugin 'INNODB_FT_BEING_DELETED'
2016-12-26T14:26:29.582318Z 0 [Note] Shutting down plugin 'INNODB_FT_DELETED'
2016-12-26T14:26:29.582321Z 0 [Note] Shutting down plugin 'INNODB_FT_DEFAULT_STOPWORD'
2016-12-26T14:26:29.582323Z 0 [Note] Shutting down plugin 'INNODB_METRICS'
2016-12-26T14:26:29.582326Z 0 [Note] Shutting down plugin 'INNODB_TEMP_TABLE_INFO'
2016-12-26T14:26:29.582329Z 0 [Note] Shutting down plugin 'INNODB_BUFFER_POOL_STATS'
2016-12-26T14:26:29.582332Z 0 [Note] Shutting down plugin 'INNODB_BUFFER_PAGE_LRU'
2016-12-26T14:26:29.582334Z 0 [Note] Shutting down plugin 'INNODB_BUFFER_PAGE'
2016-12-26T14:26:29.582337Z 0 [Note] Shutting down plugin 'INNODB_CMP_PER_INDEX_RESET'
2016-12-26T14:26:29.582339Z 0 [Note] Shutting down plugin 'INNODB_CMP_PER_INDEX'
2016-12-26T14:26:29.582342Z 0 [Note] Shutting down plugin 'INNODB_CMPMEM_RESET'
2016-12-26T14:26:29.582345Z 0 [Note] Shutting down plugin 'INNODB_CMPMEM'
2016-12-26T14:26:29.582347Z 0 [Note] Shutting down plugin 'INNODB_CMP_RESET'
2016-12-26T14:26:29.582350Z 0 [Note] Shutting down plugin 'INNODB_CMP'
2016-12-26T14:26:29.582353Z 0 [Note] Shutting down plugin 'INNODB_LOCK_WAITS'
2016-12-26T14:26:29.582355Z 0 [Note] Shutting down plugin 'INNODB_LOCKS'
2016-12-26T14:26:29.582359Z 0 [Note] Shutting down plugin 'INNODB_TRX'
2016-12-26T14:26:29.582362Z 0 [Note] Shutting down plugin 'InnoDB'
2016-12-26T14:26:29.582720Z 0 [Note] InnoDB: FTS optimize thread exiting.
2016-12-26T14:26:29.582780Z 0 [Note] InnoDB: Starting shutdown...
2016-12-26T14:26:29.683540Z 0 [Note] InnoDB: Dumping buffer pool(s) to /Users/Dariusz/gits/bg-wordpress/wordpress-4.7-0/mysql/data/ib_buffer_pool
2016-12-26T14:26:29.684235Z 0 [Note] InnoDB: Buffer pool(s) dump completed at 161226 14:26:29
2016-12-26T14:26:30.729633Z 0 [Note] InnoDB: Shutdown completed; log sequence number 45728282
2016-12-26T14:26:30.729774Z 0 [Note] InnoDB: Removed temporary tablespace data file: "ibtmp1"
2016-12-26T14:26:30.729784Z 0 [Note] Shutting down plugin 'MEMORY'
2016-12-26T14:26:30.729789Z 0 [Note] Shutting down plugin 'CSV'
2016-12-26T14:26:30.729792Z 0 [Note] Shutting down plugin 'sha256_password'
2016-12-26T14:26:30.729795Z 0 [Note] Shutting down plugin 'mysql_native_password'
2016-12-26T14:26:30.729899Z 0 [Note] Shutting down plugin 'binlog'
2016-12-26T14:26:30.731798Z 0 [Note] /Users/Dariusz/gits/bg-wordpress/wordpress-4.7-0/mysql/bin/mysqld.bin: Shutdown complete

2016-12-26T14:26:30.6NZ mysqld_safe mysqld from pid file /Users/Dariusz/gits/bg-wordpress/wordpress-4.7-0/mysql/data/mysqld.pid ended
2016-12-27T17:05:05.6NZ mysqld_safe Starting mysqld.bin daemon with databases from /Users/Dariusz/gits/bg-wordpress/wordpress-4.7-0/mysql/data
2016-12-27T17:05:05.512763Z 0 [Warning] TIMESTAMP with implicit DEFAULT value is deprecated. Please use --explicit_defaults_for_timestamp server option (see documentation for more details).
2016-12-27T17:05:05.513036Z 0 [Note] --secure-file-priv is set to NULL. Operations related to importing and exporting data are disabled
2016-12-27T17:05:05.513173Z 0 [Note] /Users/Dariusz/gits/bg-wordpress/wordpress-4.7-0/mysql/bin/mysqld.bin (mysqld 5.7.16) starting as process 808 ...
2016-12-27T17:05:05.523927Z 0 [Note] InnoDB: Mutexes and rw_locks use GCC atomic builtins
2016-12-27T17:05:05.523955Z 0 [Note] InnoDB: Uses event mutexes
2016-12-27T17:05:05.523974Z 0 [Note] InnoDB: GCC builtin __atomic_thread_fence() is used for memory barrier
2016-12-27T17:05:05.523978Z 0 [Note] InnoDB: Compressed tables use zlib 1.2.3
2016-12-27T17:05:05.524727Z 0 [Note] InnoDB: Number of pools: 1
2016-12-27T17:05:05.525762Z 0 [Note] InnoDB: Using CPU crc32 instructions
2016-12-27T17:05:05.526846Z 0 [Note] InnoDB: Initializing buffer pool, total size = 128M, instances = 1, chunk size = 128M
2016-12-27T17:05:05.537500Z 0 [Note] InnoDB: Completed initialization of buffer pool
2016-12-27T17:05:05.555431Z 0 [Note] InnoDB: Highest supported file format is Barracuda.
2016-12-27T17:05:05.574840Z 0 [Note] InnoDB: Creating shared tablespace for temporary tables
2016-12-27T17:05:05.574928Z 0 [Note] InnoDB: Setting file './ibtmp1' size to 12 MB. Physically writing the file full; Please wait ...
2016-12-27T17:05:05.586527Z 0 [Note] InnoDB: File './ibtmp1' size is now 12 MB.
2016-12-27T17:05:05.587336Z 0 [Note] InnoDB: 96 redo rollback segment(s) found. 96 redo rollback segment(s) are active.
2016-12-27T17:05:05.587348Z 0 [Note] InnoDB: 32 non-redo rollback segment(s) are active.
2016-12-27T17:05:05.587587Z 0 [Note] InnoDB: Waiting for purge to start
2016-12-27T17:05:05.642909Z 0 [Note] InnoDB: 5.7.16 started; log sequence number 45728282
2016-12-27T17:05:05.643210Z 0 [Note] InnoDB: Loading buffer pool(s) from /Users/Dariusz/gits/bg-wordpress/wordpress-4.7-0/mysql/data/ib_buffer_pool
2016-12-27T17:05:05.644329Z 0 [Note] Plugin 'FEDERATED' is disabled.
2016-12-27T17:05:05.651470Z 0 [Note] InnoDB: Buffer pool(s) load completed at 161227 17:05:05
2016-12-27T17:05:05.653632Z 0 [Warning] Failed to set up SSL because of the following SSL library error: SSL context is not usable without certificate and private key
2016-12-27T17:05:05.653651Z 0 [Note] Server hostname (bind-address): '127.0.0.1'; port: 3306
2016-12-27T17:05:05.653954Z 0 [Note]   - '127.0.0.1' resolves to '127.0.0.1';
2016-12-27T17:05:05.654025Z 0 [Note] Server socket created on IP: '127.0.0.1'.
2016-12-27T17:05:05.672963Z 0 [Note] Event Scheduler: Loaded 0 events
2016-12-27T17:05:05.673094Z 0 [Note] /Users/Dariusz/gits/bg-wordpress/wordpress-4.7-0/mysql/bin/mysqld.bin: ready for connections.
Version: '5.7.16'  socket: '/Users/Dariusz/gits/bg-wordpress/wordpress-4.7-0/mysql/tmp/mysql.sock'  port: 3306  MySQL Community Server (GPL)
2016-12-27T20:02:26.337765Z 0 [Note] Giving 0 client threads a chance to die gracefully
2016-12-27T20:02:26.338081Z 0 [Note] Shutting down slave threads
2016-12-27T20:02:26.338411Z 0 [Note] Forcefully disconnecting 0 remaining clients
2016-12-27T20:02:26.338453Z 0 [Note] Event Scheduler: Purging the queue. 0 events
2016-12-27T20:02:26.338553Z 0 [Note] Binlog end
2016-12-27T20:02:26.345292Z 0 [Note] Shutting down plugin 'ngram'
2016-12-27T20:02:26.345338Z 0 [Note] Shutting down plugin 'partition'
2016-12-27T20:02:26.345349Z 0 [Note] Shutting down plugin 'BLACKHOLE'
2016-12-27T20:02:26.345358Z 0 [Note] Shutting down plugin 'ARCHIVE'
2016-12-27T20:02:26.345366Z 0 [Note] Shutting down plugin 'PERFORMANCE_SCHEMA'
2016-12-27T20:02:26.345469Z 0 [Note] Shutting down plugin 'MRG_MYISAM'
2016-12-27T20:02:26.345758Z 0 [Note] Shutting down plugin 'MyISAM'
2016-12-27T20:02:26.346159Z 0 [Note] Shutting down plugin 'INNODB_SYS_VIRTUAL'
2016-12-27T20:02:26.346186Z 0 [Note] Shutting down plugin 'INNODB_SYS_DATAFILES'
2016-12-27T20:02:26.346195Z 0 [Note] Shutting down plugin 'INNODB_SYS_TABLESPACES'
2016-12-27T20:02:26.346202Z 0 [Note] Shutting down plugin 'INNODB_SYS_FOREIGN_COLS'
2016-12-27T20:02:26.346212Z 0 [Note] Shutting down plugin 'INNODB_SYS_FOREIGN'
2016-12-27T20:02:26.346222Z 0 [Note] Shutting down plugin 'INNODB_SYS_FIELDS'
2016-12-27T20:02:26.346229Z 0 [Note] Shutting down plugin 'INNODB_SYS_COLUMNS'
2016-12-27T20:02:26.346236Z 0 [Note] Shutting down plugin 'INNODB_SYS_INDEXES'
2016-12-27T20:02:26.346244Z 0 [Note] Shutting down plugin 'INNODB_SYS_TABLESTATS'
2016-12-27T20:02:26.346253Z 0 [Note] Shutting down plugin 'INNODB_SYS_TABLES'
2016-12-27T20:02:26.346262Z 0 [Note] Shutting down plugin 'INNODB_FT_INDEX_TABLE'
2016-12-27T20:02:26.346302Z 0 [Note] Shutting down plugin 'INNODB_FT_INDEX_CACHE'
2016-12-27T20:02:26.346310Z 0 [Note] Shutting down plugin 'INNODB_FT_CONFIG'
2016-12-27T20:02:26.346318Z 0 [Note] Shutting down plugin 'INNODB_FT_BEING_DELETED'
2016-12-27T20:02:26.346325Z 0 [Note] Shutting down plugin 'INNODB_FT_DELETED'
2016-12-27T20:02:26.346332Z 0 [Note] Shutting down plugin 'INNODB_FT_DEFAULT_STOPWORD'
2016-12-27T20:02:26.346340Z 0 [Note] Shutting down plugin 'INNODB_METRICS'
2016-12-27T20:02:26.346347Z 0 [Note] Shutting down plugin 'INNODB_TEMP_TABLE_INFO'
2016-12-27T20:02:26.346354Z 0 [Note] Shutting down plugin 'INNODB_BUFFER_POOL_STATS'
2016-12-27T20:02:26.346361Z 0 [Note] Shutting down plugin 'INNODB_BUFFER_PAGE_LRU'
2016-12-27T20:02:26.346368Z 0 [Note] Shutting down plugin 'INNODB_BUFFER_PAGE'
2016-12-27T20:02:26.346376Z 0 [Note] Shutting down plugin 'INNODB_CMP_PER_INDEX_RESET'
2016-12-27T20:02:26.346384Z 0 [Note] Shutting down plugin 'INNODB_CMP_PER_INDEX'
2016-12-27T20:02:26.346395Z 0 [Note] Shutting down plugin 'INNODB_CMPMEM_RESET'
2016-12-27T20:02:26.346408Z 0 [Note] Shutting down plugin 'INNODB_CMPMEM'
2016-12-27T20:02:26.346420Z 0 [Note] Shutting down plugin 'INNODB_CMP_RESET'
2016-12-27T20:02:26.346433Z 0 [Note] Shutting down plugin 'INNODB_CMP'
2016-12-27T20:02:26.346447Z 0 [Note] Shutting down plugin 'INNODB_LOCK_WAITS'
2016-12-27T20:02:26.346460Z 0 [Note] Shutting down plugin 'INNODB_LOCKS'
2016-12-27T20:02:26.346552Z 0 [Note] Shutting down plugin 'INNODB_TRX'
2016-12-27T20:02:26.346577Z 0 [Note] Shutting down plugin 'InnoDB'
2016-12-27T20:02:26.346942Z 0 [Note] InnoDB: FTS optimize thread exiting.
2016-12-27T20:02:26.347116Z 0 [Note] InnoDB: Starting shutdown...
2016-12-27T20:02:26.449790Z 0 [Note] InnoDB: Dumping buffer pool(s) to /Users/Dariusz/gits/bg-wordpress/wordpress-4.7-0/mysql/data/ib_buffer_pool
2016-12-27T20:02:26.451650Z 0 [Note] InnoDB: Buffer pool(s) dump completed at 161227 20:02:26
2016-12-27T20:02:27.413560Z 0 [Note] InnoDB: Shutdown completed; log sequence number 66326390
2016-12-27T20:02:27.415141Z 0 [Note] InnoDB: Removed temporary tablespace data file: "ibtmp1"
2016-12-27T20:02:27.415205Z 0 [Note] Shutting down plugin 'MEMORY'
2016-12-27T20:02:27.415227Z 0 [Note] Shutting down plugin 'CSV'
2016-12-27T20:02:27.415245Z 0 [Note] Shutting down plugin 'sha256_password'
2016-12-27T20:02:27.415260Z 0 [Note] Shutting down plugin 'mysql_native_password'
2016-12-27T20:02:27.415681Z 0 [Note] Shutting down plugin 'binlog'
2016-12-27T20:02:27.417801Z 0 [Note] /Users/Dariusz/gits/bg-wordpress/wordpress-4.7-0/mysql/bin/mysqld.bin: Shutdown complete

2016-12-27T20:02:27.6NZ mysqld_safe mysqld from pid file /Users/Dariusz/gits/bg-wordpress/wordpress-4.7-0/mysql/data/mysqld.pid ended
2016-12-27T22:59:46.6NZ mysqld_safe Starting mysqld.bin daemon with databases from /Users/Dariusz/gits/bg-wordpress/wordpress-4.7-0/mysql/data
2016-12-27T22:59:46.909620Z 0 [Warning] TIMESTAMP with implicit DEFAULT value is deprecated. Please use --explicit_defaults_for_timestamp server option (see documentation for more details).
2016-12-27T22:59:46.909858Z 0 [Note] --secure-file-priv is set to NULL. Operations related to importing and exporting data are disabled
2016-12-27T22:59:46.909980Z 0 [Note] /Users/Dariusz/gits/bg-wordpress/wordpress-4.7-0/mysql/bin/mysqld.bin (mysqld 5.7.16) starting as process 803 ...
2016-12-27T22:59:46.917349Z 0 [Note] InnoDB: Mutexes and rw_locks use GCC atomic builtins
2016-12-27T22:59:46.917367Z 0 [Note] InnoDB: Uses event mutexes
2016-12-27T22:59:46.917371Z 0 [Note] InnoDB: GCC builtin __atomic_thread_fence() is used for memory barrier
2016-12-27T22:59:46.917374Z 0 [Note] InnoDB: Compressed tables use zlib 1.2.3
2016-12-27T22:59:46.917821Z 0 [Note] InnoDB: Number of pools: 1
2016-12-27T22:59:46.918184Z 0 [Note] InnoDB: Using CPU crc32 instructions
2016-12-27T22:59:46.919276Z 0 [Note] InnoDB: Initializing buffer pool, total size = 128M, instances = 1, chunk size = 128M
2016-12-27T22:59:46.930810Z 0 [Note] InnoDB: Completed initialization of buffer pool
2016-12-27T22:59:46.949604Z 0 [Note] InnoDB: Highest supported file format is Barracuda.
2016-12-27T22:59:46.975118Z 0 [Note] InnoDB: Creating shared tablespace for temporary tables
2016-12-27T22:59:46.975224Z 0 [Note] InnoDB: Setting file './ibtmp1' size to 12 MB. Physically writing the file full; Please wait ...
2016-12-27T22:59:46.987675Z 0 [Note] InnoDB: File './ibtmp1' size is now 12 MB.
2016-12-27T22:59:46.988367Z 0 [Note] InnoDB: 96 redo rollback segment(s) found. 96 redo rollback segment(s) are active.
2016-12-27T22:59:46.988376Z 0 [Note] InnoDB: 32 non-redo rollback segment(s) are active.
2016-12-27T22:59:46.988567Z 0 [Note] InnoDB: Waiting for purge to start
2016-12-27T22:59:47.042940Z 0 [Note] InnoDB: 5.7.16 started; log sequence number 66326390
2016-12-27T22:59:47.043329Z 0 [Note] InnoDB: Loading buffer pool(s) from /Users/Dariusz/gits/bg-wordpress/wordpress-4.7-0/mysql/data/ib_buffer_pool
2016-12-27T22:59:47.044038Z 0 [Note] Plugin 'FEDERATED' is disabled.
2016-12-27T22:59:47.052757Z 0 [Warning] Failed to set up SSL because of the following SSL library error: SSL context is not usable without certificate and private key
2016-12-27T22:59:47.052779Z 0 [Note] Server hostname (bind-address): '127.0.0.1'; port: 3306
2016-12-27T22:59:47.053234Z 0 [Note]   - '127.0.0.1' resolves to '127.0.0.1';
2016-12-27T22:59:47.053343Z 0 [Note] Server socket created on IP: '127.0.0.1'.
2016-12-27T22:59:47.055575Z 0 [Note] InnoDB: Buffer pool(s) load completed at 161227 22:59:47
2016-12-27T22:59:47.071667Z 0 [Note] Event Scheduler: Loaded 0 events
2016-12-27T22:59:47.071818Z 0 [Note] /Users/Dariusz/gits/bg-wordpress/wordpress-4.7-0/mysql/bin/mysqld.bin: ready for connections.
Version: '5.7.16'  socket: '/Users/Dariusz/gits/bg-wordpress/wordpress-4.7-0/mysql/tmp/mysql.sock'  port: 3306  MySQL Community Server (GPL)
